[debug] [2020-11-24T20:23:03.740Z] ----------------------------------------------------------------------
[debug] [2020-11-24T20:23:03.743Z] Command:       /usr/local/bin/firebase /Users/chrisvarriano/.cache/firebase/tools/lib/node_modules/firebase-tools/lib/bin/firebase deploy
[debug] [2020-11-24T20:23:03.743Z] CLI Version:   8.11.2
[debug] [2020-11-24T20:23:03.743Z] Platform:      darwin
[debug] [2020-11-24T20:23:03.743Z] Node Version:  v10.21.0
[debug] [2020-11-24T20:23:03.749Z] Time:          Tue Nov 24 2020 15:23:03 GMT-0500 (Eastern Standard Time)
[debug] [2020-11-24T20:23:03.749Z] ----------------------------------------------------------------------
[debug] [2020-11-24T20:23:03.749Z] 
[debug] [2020-11-24T20:23:03.760Z] > command requires scopes: ["email","openid","https://www.googleapis.com/auth/cloudplatformprojects.readonly","https://www.googleapis.com/auth/firebase","https://www.googleapis.com/auth/cloud-platform"]
[debug] [2020-11-24T20:23:03.761Z] > authorizing via signed-in user
[debug] [2020-11-24T20:23:03.761Z] [iam] checking project canvas-calendar-4ea54 for permissions ["firebase.projects.get","firebasedatabase.instances.update","firebasehosting.sites.update"]
[debug] [2020-11-24T20:23:03.765Z] > refreshing access token with scopes: ["email","https://www.googleapis.com/auth/cloud-platform","https://www.googleapis.com/auth/cloudplatformprojects.readonly","https://www.googleapis.com/auth/firebase","openid"]
[debug] [2020-11-24T20:23:03.766Z] >>> HTTP REQUEST POST https://www.googleapis.com/oauth2/v3/token  
 <request body omitted>
[debug] [2020-11-24T20:23:03.930Z] <<< HTTP RESPONSE 200 {"pragma":"no-cache","cache-control":"no-cache, no-store, max-age=0, must-revalidate","date":"Tue, 24 Nov 2020 20:23:03 GMT","expires":"Mon, 01 Jan 1990 00:00:00 GMT","content-type":"application/json; charset=utf-8","vary":"X-Origin, Referer, Origin,Accept-Encoding","server":"scaffolding on HTTPServer2","x-xss-protection":"0","x-frame-options":"SAMEORIGIN","x-content-type-options":"nosniff","alt-svc":"h3-29=\":443\"; ma=2592000,h3-T051=\":443\"; ma=2592000,h3-Q050=\":443\"; ma=2592000,h3-Q046=\":443\"; ma=2592000,h3-Q043=\":443\"; ma=2592000,quic=\":443\"; ma=2592000; v=\"46,43\"","accept-ranges":"none","transfer-encoding":"chunked"}
[debug] [2020-11-24T20:23:03.940Z] >>> HTTP REQUEST POST https://cloudresourcemanager.googleapis.com/v1/projects/canvas-calendar-4ea54:testIamPermissions  
 {"permissions":["firebase.projects.get","firebasedatabase.instances.update","firebasehosting.sites.update"]}
[debug] [2020-11-24T20:23:04.164Z] <<< HTTP RESPONSE 200 {"content-type":"application/json; charset=UTF-8","vary":"X-Origin, Referer, Origin,Accept-Encoding","date":"Tue, 24 Nov 2020 20:23:04 GMT","server":"ESF","cache-control":"private","x-xss-protection":"0","x-frame-options":"SAMEORIGIN","x-content-type-options":"nosniff","server-timing":"gfet4t7; dur=128","alt-svc":"h3-29=\":443\"; ma=2592000,h3-T051=\":443\"; ma=2592000,h3-Q050=\":443\"; ma=2592000,h3-Q046=\":443\"; ma=2592000,h3-Q043=\":443\"; ma=2592000,quic=\":443\"; ma=2592000; v=\"46,43\"","accept-ranges":"none","transfer-encoding":"chunked"}
[debug] [2020-11-24T20:23:04.166Z] >>> HTTP REQUEST GET https://firebase.googleapis.com/v1beta1/projects/canvas-calendar-4ea54  
 
[debug] [2020-11-24T20:23:04.427Z] <<< HTTP RESPONSE 200 {"content-type":"application/json; charset=UTF-8","vary":"X-Origin, Referer, Origin,Accept-Encoding","date":"Tue, 24 Nov 2020 20:23:04 GMT","server":"ESF","cache-control":"private","x-xss-protection":"0","x-frame-options":"SAMEORIGIN","x-content-type-options":"nosniff","alt-svc":"h3-29=\":443\"; ma=2592000,h3-T051=\":443\"; ma=2592000,h3-Q050=\":443\"; ma=2592000,h3-Q046=\":443\"; ma=2592000,h3-Q043=\":443\"; ma=2592000,quic=\":443\"; ma=2592000; v=\"46,43\"","accept-ranges":"none","transfer-encoding":"chunked"}
[info] 
[info] === Deploying to 'canvas-calendar-4ea54'...
[info] 
[info] i  deploying database, hosting 
[info] i  database: checking rules syntax... 
[debug] [2020-11-24T20:23:04.438Z] >>> HTTP REQUEST PUT https://canvas-calendar-4ea54.firebaseio.com/.settings/rules.json?dryRun=true  
 {
    "rules": {
      ".read": true,
      ".write": true
    } 
  }
  
[debug] [2020-11-24T20:23:07.588Z] Error: getaddrinfo ENOTFOUND canvas-calendar-4ea54.firebaseio.com canvas-calendar-4ea54.firebaseio.com:443
    at GetAddrInfoReqWrap.onlookup [as oncomplete] (dns.js:56:26)
[error] 
[error] Error: Server Error. getaddrinfo ENOTFOUND canvas-calendar-4ea54.firebaseio.com canvas-calendar-4ea54.firebaseio.com:443
[debug] [2020-11-24T20:23:15.765Z] ----------------------------------------------------------------------
[debug] [2020-11-24T20:23:15.767Z] Command:       /usr/local/bin/firebase /Users/chrisvarriano/.cache/firebase/tools/lib/node_modules/firebase-tools/lib/bin/firebase deploy
[debug] [2020-11-24T20:23:15.767Z] CLI Version:   8.11.2
[debug] [2020-11-24T20:23:15.768Z] Platform:      darwin
[debug] [2020-11-24T20:23:15.768Z] Node Version:  v10.21.0
[debug] [2020-11-24T20:23:15.768Z] Time:          Tue Nov 24 2020 15:23:15 GMT-0500 (Eastern Standard Time)
[debug] [2020-11-24T20:23:15.769Z] ----------------------------------------------------------------------
[debug] [2020-11-24T20:23:15.769Z] 
[debug] [2020-11-24T20:23:15.778Z] > command requires scopes: ["email","openid","https://www.googleapis.com/auth/cloudplatformprojects.readonly","https://www.googleapis.com/auth/firebase","https://www.googleapis.com/auth/cloud-platform"]
[debug] [2020-11-24T20:23:15.778Z] > authorizing via signed-in user
[debug] [2020-11-24T20:23:15.778Z] [iam] checking project canvas-calendar-4ea54 for permissions ["firebase.projects.get","firebasedatabase.instances.update","firebasehosting.sites.update"]
[debug] [2020-11-24T20:23:15.781Z] >>> HTTP REQUEST POST https://cloudresourcemanager.googleapis.com/v1/projects/canvas-calendar-4ea54:testIamPermissions  
 {"permissions":["firebase.projects.get","firebasedatabase.instances.update","firebasehosting.sites.update"]}
[debug] [2020-11-24T20:23:16.008Z] <<< HTTP RESPONSE 200 {"content-type":"application/json; charset=UTF-8","vary":"X-Origin, Referer, Origin,Accept-Encoding","date":"Tue, 24 Nov 2020 20:23:15 GMT","server":"ESF","cache-control":"private","x-xss-protection":"0","x-frame-options":"SAMEORIGIN","x-content-type-options":"nosniff","server-timing":"gfet4t7; dur=127","alt-svc":"h3-29=\":443\"; ma=2592000,h3-T051=\":443\"; ma=2592000,h3-Q050=\":443\"; ma=2592000,h3-Q046=\":443\"; ma=2592000,h3-Q043=\":443\"; ma=2592000,quic=\":443\"; ma=2592000; v=\"46,43\"","accept-ranges":"none","transfer-encoding":"chunked"}
[debug] [2020-11-24T20:23:16.010Z] >>> HTTP REQUEST GET https://firebase.googleapis.com/v1beta1/projects/canvas-calendar-4ea54  
 
[debug] [2020-11-24T20:23:16.251Z] <<< HTTP RESPONSE 200 {"content-type":"application/json; charset=UTF-8","vary":"X-Origin, Referer, Origin,Accept-Encoding","date":"Tue, 24 Nov 2020 20:23:16 GMT","server":"ESF","cache-control":"private","x-xss-protection":"0","x-frame-options":"SAMEORIGIN","x-content-type-options":"nosniff","alt-svc":"h3-29=\":443\"; ma=2592000,h3-T051=\":443\"; ma=2592000,h3-Q050=\":443\"; ma=2592000,h3-Q046=\":443\"; ma=2592000,h3-Q043=\":443\"; ma=2592000,quic=\":443\"; ma=2592000; v=\"46,43\"","accept-ranges":"none","transfer-encoding":"chunked"}
[info] 
[info] === Deploying to 'canvas-calendar-4ea54'...
[info] 
[info] i  deploying database, hosting 
[info] i  database: checking rules syntax... 
[debug] [2020-11-24T20:23:16.255Z] >>> HTTP REQUEST PUT https://canvas-calendar-4ea54.firebaseio.com/.settings/rules.json?dryRun=true  
 {
    "rules": {
      ".read": true,
      ".write": true
    } 
  }
  
[debug] [2020-11-24T20:23:16.352Z] Error: getaddrinfo ENOTFOUND canvas-calendar-4ea54.firebaseio.com canvas-calendar-4ea54.firebaseio.com:443
    at GetAddrInfoReqWrap.onlookup [as oncomplete] (dns.js:56:26)
[error] 
[error] Error: Server Error. getaddrinfo ENOTFOUND canvas-calendar-4ea54.firebaseio.com canvas-calendar-4ea54.firebaseio.com:443
[debug] [2020-11-24T20:23:27.953Z] ----------------------------------------------------------------------
[debug] [2020-11-24T20:23:27.955Z] Command:       /usr/local/bin/firebase /Users/chrisvarriano/.cache/firebase/tools/lib/node_modules/firebase-tools/lib/bin/firebase deploy
[debug] [2020-11-24T20:23:27.956Z] CLI Version:   8.11.2
[debug] [2020-11-24T20:23:27.956Z] Platform:      darwin
[debug] [2020-11-24T20:23:27.956Z] Node Version:  v10.21.0
[debug] [2020-11-24T20:23:27.957Z] Time:          Tue Nov 24 2020 15:23:27 GMT-0500 (Eastern Standard Time)
[debug] [2020-11-24T20:23:27.957Z] ----------------------------------------------------------------------
[debug] [2020-11-24T20:23:27.957Z] 
[debug] [2020-11-24T20:23:27.966Z] > command requires scopes: ["email","openid","https://www.googleapis.com/auth/cloudplatformprojects.readonly","https://www.googleapis.com/auth/firebase","https://www.googleapis.com/auth/cloud-platform"]
[debug] [2020-11-24T20:23:27.967Z] > authorizing via signed-in user
[debug] [2020-11-24T20:23:27.967Z] [iam] checking project canvas-calendar-4ea54 for permissions ["firebase.projects.get","firebasedatabase.instances.update","firebasehosting.sites.update"]
[debug] [2020-11-24T20:23:27.970Z] >>> HTTP REQUEST POST https://cloudresourcemanager.googleapis.com/v1/projects/canvas-calendar-4ea54:testIamPermissions  
 {"permissions":["firebase.projects.get","firebasedatabase.instances.update","firebasehosting.sites.update"]}
[debug] [2020-11-24T20:23:28.110Z] <<< HTTP RESPONSE 200 {"content-type":"application/json; charset=UTF-8","vary":"X-Origin, Referer, Origin,Accept-Encoding","date":"Tue, 24 Nov 2020 20:23:27 GMT","server":"ESF","cache-control":"private","x-xss-protection":"0","x-frame-options":"SAMEORIGIN","x-content-type-options":"nosniff","server-timing":"gfet4t7; dur=41","alt-svc":"h3-29=\":443\"; ma=2592000,h3-T051=\":443\"; ma=2592000,h3-Q050=\":443\"; ma=2592000,h3-Q046=\":443\"; ma=2592000,h3-Q043=\":443\"; ma=2592000,quic=\":443\"; ma=2592000; v=\"46,43\"","accept-ranges":"none","transfer-encoding":"chunked"}
[debug] [2020-11-24T20:23:28.112Z] >>> HTTP REQUEST GET https://firebase.googleapis.com/v1beta1/projects/canvas-calendar-4ea54  
 
[debug] [2020-11-24T20:23:28.306Z] <<< HTTP RESPONSE 200 {"content-type":"application/json; charset=UTF-8","vary":"X-Origin, Referer, Origin,Accept-Encoding","date":"Tue, 24 Nov 2020 20:23:28 GMT","server":"ESF","cache-control":"private","x-xss-protection":"0","x-frame-options":"SAMEORIGIN","x-content-type-options":"nosniff","alt-svc":"h3-29=\":443\"; ma=2592000,h3-T051=\":443\"; ma=2592000,h3-Q050=\":443\"; ma=2592000,h3-Q046=\":443\"; ma=2592000,h3-Q043=\":443\"; ma=2592000,quic=\":443\"; ma=2592000; v=\"46,43\"","accept-ranges":"none","transfer-encoding":"chunked"}
[info] 
[info] === Deploying to 'canvas-calendar-4ea54'...
[info] 
[info] i  deploying database, hosting 
[info] i  database: checking rules syntax... 
[debug] [2020-11-24T20:23:28.311Z] >>> HTTP REQUEST PUT https://canvas-calendar-4ea54.firebaseio.com/.settings/rules.json?dryRun=true  
 {
    "rules": {
      ".read": true,
      ".write": true
    } 
  }
  
[debug] [2020-11-24T20:23:28.416Z] Error: getaddrinfo ENOTFOUND canvas-calendar-4ea54.firebaseio.com canvas-calendar-4ea54.firebaseio.com:443
    at GetAddrInfoReqWrap.onlookup [as oncomplete] (dns.js:56:26)
[error] 
[error] Error: Server Error. getaddrinfo ENOTFOUND canvas-calendar-4ea54.firebaseio.com canvas-calendar-4ea54.firebaseio.com:443
[debug] [2020-11-24T20:23:43.342Z] ----------------------------------------------------------------------
[debug] [2020-11-24T20:23:43.344Z] Command:       /usr/local/bin/firebase /Users/chrisvarriano/.cache/firebase/tools/lib/node_modules/firebase-tools/lib/bin/firebase deploy
[debug] [2020-11-24T20:23:43.344Z] CLI Version:   8.11.2
[debug] [2020-11-24T20:23:43.344Z] Platform:      darwin
[debug] [2020-11-24T20:23:43.344Z] Node Version:  v10.21.0
[debug] [2020-11-24T20:23:43.345Z] Time:          Tue Nov 24 2020 15:23:43 GMT-0500 (Eastern Standard Time)
[debug] [2020-11-24T20:23:43.345Z] ----------------------------------------------------------------------
[debug] [2020-11-24T20:23:43.345Z] 
[debug] [2020-11-24T20:23:43.354Z] > command requires scopes: ["email","openid","https://www.googleapis.com/auth/cloudplatformprojects.readonly","https://www.googleapis.com/auth/firebase","https://www.googleapis.com/auth/cloud-platform"]
[debug] [2020-11-24T20:23:43.355Z] > authorizing via signed-in user
[debug] [2020-11-24T20:23:43.355Z] [iam] checking project canvas-calendar-4ea54 for permissions ["firebase.projects.get","firebasedatabase.instances.update","firebasehosting.sites.update"]
[debug] [2020-11-24T20:23:43.358Z] >>> HTTP REQUEST POST https://cloudresourcemanager.googleapis.com/v1/projects/canvas-calendar-4ea54:testIamPermissions  
 {"permissions":["firebase.projects.get","firebasedatabase.instances.update","firebasehosting.sites.update"]}
[debug] [2020-11-24T20:23:43.581Z] <<< HTTP RESPONSE 200 {"content-type":"application/json; charset=UTF-8","vary":"X-Origin, Referer, Origin,Accept-Encoding","date":"Tue, 24 Nov 2020 20:23:43 GMT","server":"ESF","cache-control":"private","x-xss-protection":"0","x-frame-options":"SAMEORIGIN","x-content-type-options":"nosniff","server-timing":"gfet4t7; dur=123","alt-svc":"h3-29=\":443\"; ma=2592000,h3-T051=\":443\"; ma=2592000,h3-Q050=\":443\"; ma=2592000,h3-Q046=\":443\"; ma=2592000,h3-Q043=\":443\"; ma=2592000,quic=\":443\"; ma=2592000; v=\"46,43\"","accept-ranges":"none","transfer-encoding":"chunked"}
[debug] [2020-11-24T20:23:43.584Z] >>> HTTP REQUEST GET https://firebase.googleapis.com/v1beta1/projects/canvas-calendar-4ea54  
 
[debug] [2020-11-24T20:23:43.799Z] <<< HTTP RESPONSE 200 {"content-type":"application/json; charset=UTF-8","vary":"X-Origin, Referer, Origin,Accept-Encoding","date":"Tue, 24 Nov 2020 20:23:43 GMT","server":"ESF","cache-control":"private","x-xss-protection":"0","x-frame-options":"SAMEORIGIN","x-content-type-options":"nosniff","alt-svc":"h3-29=\":443\"; ma=2592000,h3-T051=\":443\"; ma=2592000,h3-Q050=\":443\"; ma=2592000,h3-Q046=\":443\"; ma=2592000,h3-Q043=\":443\"; ma=2592000,quic=\":443\"; ma=2592000; v=\"46,43\"","accept-ranges":"none","transfer-encoding":"chunked"}
[info] 
[info] === Deploying to 'canvas-calendar-4ea54'...
[info] 
[info] i  deploying database, hosting 
[info] i  database: checking rules syntax... 
[debug] [2020-11-24T20:23:43.805Z] >>> HTTP REQUEST PUT https://canvas-calendar-4ea54.firebaseio.com/.settings/rules.json?dryRun=true  
 {
    "rules": {
      ".read": true,
      ".write": true
    } 
  }
  
[debug] [2020-11-24T20:23:43.908Z] Error: getaddrinfo ENOTFOUND canvas-calendar-4ea54.firebaseio.com canvas-calendar-4ea54.firebaseio.com:443
    at GetAddrInfoReqWrap.onlookup [as oncomplete] (dns.js:56:26)
[error] 
[error] Error: Server Error. getaddrinfo ENOTFOUND canvas-calendar-4ea54.firebaseio.com canvas-calendar-4ea54.firebaseio.com:443
[debug] [2020-11-24T20:24:04.943Z] ----------------------------------------------------------------------
[debug] [2020-11-24T20:24:04.945Z] Command:       /usr/local/bin/firebase /Users/chrisvarriano/.cache/firebase/tools/lib/node_modules/firebase-tools/lib/bin/firebase deploy
[debug] [2020-11-24T20:24:04.945Z] CLI Version:   8.11.2
[debug] [2020-11-24T20:24:04.946Z] Platform:      darwin
[debug] [2020-11-24T20:24:04.946Z] Node Version:  v10.21.0
[debug] [2020-11-24T20:24:04.947Z] Time:          Tue Nov 24 2020 15:24:04 GMT-0500 (Eastern Standard Time)
[debug] [2020-11-24T20:24:04.947Z] ----------------------------------------------------------------------
[debug] [2020-11-24T20:24:04.947Z] 
[debug] [2020-11-24T20:24:04.956Z] > command requires scopes: ["email","openid","https://www.googleapis.com/auth/cloudplatformprojects.readonly","https://www.googleapis.com/auth/firebase","https://www.googleapis.com/auth/cloud-platform"]
[debug] [2020-11-24T20:24:04.956Z] > authorizing via signed-in user
[debug] [2020-11-24T20:24:04.957Z] [iam] checking project canvas-calendar-4ea54 for permissions ["firebase.projects.get","firebasedatabase.instances.update","firebasehosting.sites.update"]
[debug] [2020-11-24T20:24:04.960Z] >>> HTTP REQUEST POST https://cloudresourcemanager.googleapis.com/v1/projects/canvas-calendar-4ea54:testIamPermissions  
 {"permissions":["firebase.projects.get","firebasedatabase.instances.update","firebasehosting.sites.update"]}
[debug] [2020-11-24T20:24:05.191Z] <<< HTTP RESPONSE 200 {"content-type":"application/json; charset=UTF-8","vary":"X-Origin, Referer, Origin,Accept-Encoding","date":"Tue, 24 Nov 2020 20:24:05 GMT","server":"ESF","cache-control":"private","x-xss-protection":"0","x-frame-options":"SAMEORIGIN","x-content-type-options":"nosniff","server-timing":"gfet4t7; dur=125","alt-svc":"h3-29=\":443\"; ma=2592000,h3-T051=\":443\"; ma=2592000,h3-Q050=\":443\"; ma=2592000,h3-Q046=\":443\"; ma=2592000,h3-Q043=\":443\"; ma=2592000,quic=\":443\"; ma=2592000; v=\"46,43\"","accept-ranges":"none","transfer-encoding":"chunked"}
[debug] [2020-11-24T20:24:05.194Z] >>> HTTP REQUEST GET https://firebase.googleapis.com/v1beta1/projects/canvas-calendar-4ea54  
 
[debug] [2020-11-24T20:24:05.433Z] <<< HTTP RESPONSE 200 {"content-type":"application/json; charset=UTF-8","vary":"X-Origin, Referer, Origin,Accept-Encoding","date":"Tue, 24 Nov 2020 20:24:05 GMT","server":"ESF","cache-control":"private","x-xss-protection":"0","x-frame-options":"SAMEORIGIN","x-content-type-options":"nosniff","alt-svc":"h3-29=\":443\"; ma=2592000,h3-T051=\":443\"; ma=2592000,h3-Q050=\":443\"; ma=2592000,h3-Q046=\":443\"; ma=2592000,h3-Q043=\":443\"; ma=2592000,quic=\":443\"; ma=2592000; v=\"46,43\"","accept-ranges":"none","transfer-encoding":"chunked"}
[info] 
[info] === Deploying to 'canvas-calendar-4ea54'...
[info] 
[info] i  deploying database, hosting 
[info] i  database: checking rules syntax... 
[debug] [2020-11-24T20:24:05.438Z] >>> HTTP REQUEST PUT https://canvas-calendar-4ea54.firebaseio.com/.settings/rules.json?dryRun=true  
 {
    "rules": {
      ".read": true,
      ".write": true
    } 
  }
  
[debug] [2020-11-24T20:24:05.536Z] Error: getaddrinfo ENOTFOUND canvas-calendar-4ea54.firebaseio.com canvas-calendar-4ea54.firebaseio.com:443
    at GetAddrInfoReqWrap.onlookup [as oncomplete] (dns.js:56:26)
[error] 
[error] Error: Server Error. getaddrinfo ENOTFOUND canvas-calendar-4ea54.firebaseio.com canvas-calendar-4ea54.firebaseio.com:443
